<?xml version="1.0" encoding="UTF-8"?>
<!-- Generated by org.testng.reporters.JUnitReportReporter -->
<testsuite hostname="MacBookPro.attlocal.net" failures="0" tests="1" name="com.practicetestautomation.tests.login.PositiveLoginTests" time="14.136" errors="0" timestamp="2025-03-07T14:08:41 CST" skipped="0">
  <testcase classname="com.practicetestautomation.tests.login.PositiveLoginTests" name="testLoginFunctionality" time="14.136"/>
</testsuite> <!-- com.practicetestautomation.tests.login.PositiveLoginTests -->
